Copyright 1986-2021 Xilinx, Inc. All Rights Reserved.
-----------------------------------------------------------------------------------------
| Tool Version : Vivado v.2021.1 (win64) Build 3247384 Thu Jun 10 19:36:33 MDT 2021
| Date         : Tue Jan 18 01:13:57 2022
| Host         : LAPTOP-LQEDQ70E running 64-bit major release  (build 9200)
| Command      : report_control_sets -verbose -file TOP_ASCENSOR_control_sets_placed.rpt
| Design       : TOP_ASCENSOR
| Device       : xc7a100t
-----------------------------------------------------------------------------------------

Control Set Information

Table of Contents
-----------------
1. Summary
2. Histogram
3. Flip-Flop Distribution
4. Detailed Control Set Information

1. Summary
----------

+----------------------------------------------------------+-------+
|                          Status                          | Count |
+----------------------------------------------------------+-------+
| Total control sets                                       |     4 |
|    Minimum number of control sets                        |     4 |
|    Addition due to synthesis replication                 |     0 |
|    Addition due to physical synthesis replication        |     0 |
| Unused register locations in slices containing registers |    25 |
+----------------------------------------------------------+-------+
* Control sets can be merged at opt_design using control_set_merge or merge_equivalent_drivers
** Run report_qor_suggestions for automated merging and remapping suggestions


2. Histogram
------------

+--------------------+-------+
|       Fanout       | Count |
+--------------------+-------+
| Total control sets |     4 |
| >= 0 to < 4        |     3 |
| >= 4 to < 6        |     0 |
| >= 6 to < 8        |     0 |
| >= 8 to < 10       |     0 |
| >= 10 to < 12      |     0 |
| >= 12 to < 14      |     0 |
| >= 14 to < 16      |     0 |
| >= 16              |     1 |
+--------------------+-------+
* Control sets can be remapped at either synth_design or opt_design


3. Flip-Flop Distribution
-------------------------

+--------------+-----------------------+------------------------+-----------------+--------------+
| Clock Enable | Synchronous Set/Reset | Asynchronous Set/Reset | Total Registers | Total Slices |
+--------------+-----------------------+------------------------+-----------------+--------------+
| No           | No                    | No                     |               4 |            2 |
| No           | No                    | Yes                    |              35 |           16 |
| No           | Yes                   | No                     |               0 |            0 |
| Yes          | No                    | No                     |               0 |            0 |
| Yes          | No                    | Yes                    |               0 |            0 |
| Yes          | Yes                   | No                     |               0 |            0 |
+--------------+-----------------------+------------------------+-----------------+--------------+


4. Detailed Control Set Information
-----------------------------------

+-----------------------------------+---------------+----------------------------+------------------+----------------+--------------+
|            Clock Signal           | Enable Signal |      Set/Reset Signal      | Slice Load Count | Bel Load Count | Bels / Slice |
+-----------------------------------+---------------+----------------------------+------------------+----------------+--------------+
|  inst_Maquina_Estado/PISO_TEMP__0 |               |                            |                1 |              2 |         2.00 |
|  CLK_IBUF_BUFG                    |               |                            |                1 |              2 |         2.00 |
|  inst_Maquina_Estado2/CLK         |               | inst_Maquina_Estado2/RESET |                2 |              2 |         1.00 |
|  CLK_IBUF_BUFG                    |               | inst_Maquina_Estado2/RESET |               14 |             33 |         2.36 |
+-----------------------------------+---------------+----------------------------+------------------+----------------+--------------+


