Copyright 1986-2021 Xilinx, Inc. All Rights Reserved.
-----------------------------------------------------------------------------------------------------------------------------------------------------------------------------
| Tool Version : Vivado v.2021.1 (win64) Build 3247384 Thu Jun 10 19:36:33 MDT 2021
| Date         : Wed Dec 22 13:18:16 2021
| Host         : LAPTOP-K9RA0OS9 running 64-bit major release  (build 9200)
| Command      : report_methodology -file RELOJ_AJEDREZ_methodology_drc_routed.rpt -pb RELOJ_AJEDREZ_methodology_drc_routed.pb -rpx RELOJ_AJEDREZ_methodology_drc_routed.rpx
| Design       : RELOJ_AJEDREZ
| Device       : xc7a100tcsg324-1
| Speed File   : -1
| Design State : Fully Routed
-----------------------------------------------------------------------------------------------------------------------------------------------------------------------------

Report Methodology

Table of Contents
-----------------
1. REPORT SUMMARY
2. REPORT DETAILS

1. REPORT SUMMARY
-----------------
            Netlist: netlist
          Floorplan: design_1
      Design limits: <entire design considered>
             Max violations: <unlimited>
             Violations found: 0
+------+----------+-------------+------------+
| Rule | Severity | Description | Violations |
+------+----------+-------------+------------+
+------+----------+-------------+------------+

2. REPORT DETAILS
-----------------

